<?xml version="1.0" encoding="UTF-8" ?>
<testsuite errors="1" failures="0" hostname="Heedon-HP" name="org.newvisionpress.test.TestLinks" tests="1" time="0.167" timestamp="2012-11-08T07:28:08">
  <properties>
[...]
</properties>
  <testcase classname="org.newvisionpress.test.TestLinks" name="initializationError" time="0.006">
    <error message="No runnable methods" type="java.lang.Exception">java.lang.Exception: No runnable methods
	at java.lang.reflect.Constructor.newInstance(Constructor.java:525)
</error>
  </testcase>
  <system-out><![CDATA[]]></system-out>
  <system-err><![CDATA[]]></system-err>
</testsuite>
